Unity Player [version: Unity 5.6.1f1_2860b30f0b54]

ballgame32.exe caused an Access Violation (0xc0000005)
  in module ballgame32.exe at 0023:006ab21b.

Error occurred at 2017-06-05_143636.
C:\dev\ballgame\ballgame32.exe, run by jonby.
61% memory in use.
0 MB physical memory [3135 MB free].
0 MB paging file [1250 MB free].
0 MB user address space [3250 MB free].
Read from location 00031ad6 caused an access violation.

Context:
EDI:    0x059a9c90  ESI: 0x054d0900  EAX:   0x000027bd
EBX:    0x07cabe8c  ECX: 0x0000c6b1  EDX:   0x00000000
EIP:    0x006ab21b  EBP: 0x090be8ac  SegCs: 0x00000023
EFlags: 0x00010217  ESP: 0x090be88c  SegSs: 0x0000002b

Bytes at CS:EIP:
f6 44 8a 12 01 8d 0c 8a 75 3b 80 79 11 01 75 18 

Stack:
0x090be88c: 059a9c90 054d0900 00000001 000027bd ......M......'..
0x090be89c: 00000002 00000001 0000ffff 059aae3c ............<...
0x090be8ac: 090be8f0 006ac9aa 090be8cc 054d0910 ......j.......M.
0x090be8bc: 07cabe88 059abf6c 03e86960 059abf80 ....l...`i......
0x090be8cc: 00000000 059a9c90 00000001 13da4198 .............A..
0x090be8dc: 059a9c90 00000002 054e96a0 03ea2e40 ..........N.@...
0x090be8ec: 00000001 090be908 006accc7 054d0900 ..........j...M.
0x090be8fc: 07cabe88 059abf80 090bf014 090be934 ............4...
0x090be90c: 006ac246 054d0900 07cabe88 059abf80 F.j...M.........
0x090be91c: 00000018 0533eae0 2193a2c0 059a9c90 ......3....!....
0x090be92c: 00000018 059abf80 090bf8a4 006f507d ............}Po.
0x090be93c: 00000005 090bf010 ffffffd0 00000052 ............R...
0x090be94c: 0533eae0 03d29a01 00000000 00000000 ..3.............
0x090be95c: 00000000 00000000 00000000 00000000 ................
0x090be96c: 00000000 00000000 00000000 00000000 ................
0x090be97c: 00000000 00000000 00000000 00000000 ................
0x090be98c: 00000000 00000000 00000000 00000000 ................
0x090be99c: 00000000 00000000 00000000 00000000 ................
0x090be9ac: 00000000 00000000 00000000 00000000 ................
0x090be9bc: 00000000 00000000 00000000 00000000 ................
0x090be9cc: 00000000 00000000 00000000 00000000 ................
0x090be9dc: 00000000 00000000 00000000 00000000 ................
0x090be9ec: 00000000 00000000 00000000 00000000 ................
0x090be9fc: 00000000 00000000 00000000 00000000 ................
0x090bea0c: 00000000 00000000 00000000 00000000 ................
0x090bea1c: 00000000 00000000 00000000 00000000 ................
0x090bea2c: 00000000 090bf8b8 77513233 00000000 ........32Qw....
0x090bea3c: 00000000 00000000 00000000 00000000 ................
0x090bea4c: 00000000 00000000 774bc290 774b0000 ..........Kw..Kw
0x090bea5c: 0018e000 00000047 775361f0 090beba8 ....G....aSw....
0x090bea6c: 00000004 000861f0 00000000 00000000 .....a..........
0x090bea7c: 00000000 00000000 00000000 775361d2 .............aSw
0x090bea8c: 090beb58 090beee4 014e8570 00000001 X.......p.N.....
0x090bea9c: 00000000 00000000 00000007 00000007 ................
0x090beaac: 00000007 00000007 07cabd4c 00000000 ........L.......
0x090beabc: ffffffff 00000001 00000007 80000007 ................
0x090beacc: 07cabd68 00000000 ffffffff 00000001 h...............
0x090beadc: 00000007 80000007 07cabd84 00000000 ................
0x090beaec: ffffffff 00000001 00000070 80000070 ........p...p...
0x090beafc: 00000000 00000000 00000000 ffffffff ................
0x090beb0c: 00000001 00000001 00000000 00000000 ................
0x090beb1c: 00000000 00000000 00000000 00000000 ................
0x090beb2c: 00000000 00000000 00000000 00000000 ................
0x090beb3c: 00000000 00000000 00000000 00000000 ................
0x090beb4c: 00000000 00000000 00000000 c0000027 ............'...
0x090beb5c: 00000002 00000000 00e4c7b8 00000000 ................
0x090beb6c: 00000000 00000000 00000000 00000000 ................
0x090beb7c: 00000000 00000000 00000000 00000000 ................
0x090beb8c: 00000000 00000000 00000000 00000000 ................
0x090beb9c: 00000000 00000000 00000000 00010007 ................
0x090bebac: 00000000 00000000 00000000 00000000 ................
0x090bebbc: 00000000 00000000 00000000 00000000 ................
0x090bebcc: 00000000 00000000 00000000 00000000 ................
0x090bebdc: 00000000 090bec04 77527525 090bec5c ........%uRw\...
0x090bebec: 019f0b1c 019f0ad8 019f0b04 019f0b1c ................
0x090bebfc: 019f0b04 00000000 090bec78 090bec2c ........x...,...
0x090bec0c: 775274ee 090bec6c 019e00fc 00000009 .tRwl...........
0x090bec1c: 019e0000 00000000 00000000 774f7efd .............~Ow
0x090bec2c: 090bec84 090bed18 0000002b 019e0053 ........+...S...
0x090bec3c: f468002b 0000002b 00000000 00000000 +.h.+...........
0x090bec4c: 00000000 00000000 00000000 00000000 ................
0x090bec5c: 090beea8 00e4c7b8 77500023 00000202 ........#.Pw....
0x090bec6c: 090bee98 019e002b 5282b750 090becec ....+...P..R....
0x090bec7c: 774f7938 090bed60 090bed18 090becdc 8yOw`...........
0x090bec8c: 090becd8 774f7abe 00000000 00000000 .....zOw........
0x090bec9c: 090bedd4 774f79b4 090bed38 00000000 .....yOw8.......
0x090becac: 000007a0 019e1714 01b85000 00000000 .........P......
0x090becbc: 00000000 00000018 00000003 00000000 ................
0x090beccc: 00000002 00000003 00000002 f46857d4 .............Wh.
0x090becdc: 00000001 01baf000 5282b78c 00000000 ...........R....
0x090becec: 090bedac 774f7455 00000003 00000000 ....UtOw........
0x090becfc: 00000002 090bed60 090bed18 00000000 ....`...........
0x090bed0c: 00000000 774f74b3 00000003 00000040 .....tOw....@...
0x090bed1c: 00000000 00000000 00000000 00000000 ................
0x090bed2c: 00000000 00000000 00000000 00000000 ................
0x090bed3c: 00000000 00000000 00000000 00000000 ................
0x090bed4c: 00000000 00000000 00000000 090bee00 ................
0x090bed5c: 00000000 00140012 090bee78 00000000 ........x.......
0x090bed6c: 00000000 00000000 00000000 090bee04 ................
0x090bed7c: 00000000 090bee10 000bee30 00020000 ........0.......
0x090bed8c: 090beda0 090beda0 090beda0 00000002 ................
0x090bed9c: 00000002 00000000 5282b684 00000002 ...........R....
0x090bedac: 00000000 774f70c0 090bee4c 00000000 .....pOwL.......
0x090bedbc: 0000002c 00000000 01f70000 5282b6d4 ,..............R
0x090bedcc: 090bee40 00000000 00340000 090bee78 @.........4.x...
0x090beddc: 00340128 00000000 090bedc8 090bee80 (.4.............
0x090bedec: 090bf8b8 7752a000 2cd3a128 fffffffe ......Rw(..,....
0x090bedfc: 090bee2c 774f9910 00000001 00340000 ,.....Ow......4.
0x090bee0c: 00000000 00000000 090bee24 00340000 ........$.....4.
0x090bee1c: 090beeb4 00340128 00340128 00340000 ....(.4.(.4...4.
0x090bee2c: 00796000 01686ab8 090bee4c 00e54e28 .`y..jh.L...(N..
0x090bee3c: 00340000 00000000 01686000 090beea8 ..4......`h.....
0x090bee4c: 00e54fc0 00340000 00b01c08 aa068af6 .O....4.........
0x090bee5c: 01686ab8 00000000 090bf8b8 00340000 .jh...........4.
0x090bee6c: 090bef18 77553bed 090beeb8 090bf3c0 .....;Uw........
0x090bee7c: 5282b1dc 090beea8 aa068ad6 090bf8b8 ...R............
0x090bee8c: 00e4c7c0 fffffffe 090bf8b8 00ad670f .............g..
0x090bee9c: 00000001 090bf8c8 00000000 090bf8b8 ................
0x090beeac: 00e41cb0 00e41cc6 090beecc 00000000 ................
0x090beebc: 00000000 00000000 090bf370 090bf3c0 ........p.......
0x090beecc: 090beef0 775361d2 090bf370 090bf8b8 .....aSwp.......
0x090beedc: 090bf3c0 090bef40 090bf8b8 775361f0 ....@........aSw
0x090beeec: 090bf8b8 090bf350 775361a4 090bf370 ....P....aSwp...
0x090beefc: 090bf8b8 090bf3c0 090bef40 00e41c08 ........@.......
0x090bef0c: 090bf3c0 090bf370 090bf358 775130b5 ....p...X....0Qw
0x090bef1c: 090bf370 090bf8b8 090bf3c0 090bef40 p...........@...
0x090bef2c: 00e41c08 00ad7330 03d29a60 090bf008 ....0s..`.......
0x090bef3c: 01f732e8 090beff4 00000000 090be000 .2..............
0x090bef4c: 090c0000 00000000 03ed3950 00000014 ........P9......
0x090bef5c: 0000c7d0 5282b488 090beff4 01f732e8 .......R.....2..
0x090bef6c: 00000001 090bf228 090bf008 00000000 ....(...........
0x090bef7c: 090bf278 00000000 774ee17d 090bef60 x.......}.Nw`...
0x090bef8c: 090befac 090bf228 03dd10c0 00000000 ....(...........
0x090bef9c: 00000000 00000000 00000000 00000000 ................
0x090befac: 00000000 00000000 03e3dee0 00000001 ................
0x090befbc: 00000000 ffffffff 00000000 00000000 ................
0x090befcc: 00000000 00000000 00000000 00000000 ................
0x090befdc: 00000000 00000000 07cabe88 07cabf48 ............H...
0x090befec: 00000000 00000000 00000000 00000000 ................
0x090beffc: 03e86960 03e87c80 00000000 00000000 `i...|..........
0x090bf00c: 00000000 00000000 054d0900 054e9be0 ..........M...N.
0x090bf01c: 00000000 00000000 00000000 0ab30680 ................
0x090bf02c: 00000000 00000001 0000205c 0000000d ........\ ......
0x090bf03c: 0000000d 07c462c0 0521b060 0521b0e0 .....b..`.!...!.
0x090bf04c: 00000000 00002077 00000000 00800000 ....w ..........
0x090bf05c: 090bf0e8 017058a0 01705950 536cd652 .....Xp.PYp.R.lS
0x090bf06c: 00000001 f8eb41c0 01705950 017057f0 .....A..PYp..Wp.
0x090bf07c: 00002733 774ecb85 00000018 00000004 3'....Nw........
0x090bf08c: 00000006 00000000 1aea4620 0c70a140 ........ F..@.p.
0x090bf09c: 00000000 00002077 775c7a90 090bf230 ....w ...z\w0...
0x090bf0ac: 01000000 00000000 090bf1fc 774ec46c ............l.Nw
0x090bf0bc: 00000020 03dd10c0 090bf224 0001fd50  .......$...P...
0x090bf0cc: 00000000 00731adc 01000000 0056e998 ......s.......V.
0x090bf0dc: 090bf224 00000010 005592c0 0056eabc $.........U...V.
0x090bf0ec: 0043f184 0001fec4 00000000 774ec492 ..C...........Nw
0x090bf0fc: 00000000 0009064c 00000000 00000028 ....L.......(...
0x090bf10c: 090bf24c 01000000 00492cd4 0001fd70 L........,I.p...
0x090bf11c: 005404b4 00090600 00000000 002ddd1c ..T...........-.
0x090bf12c: 00000000 0043f168 090bf138 0056e410 ....h.C.8.....V.
0x090bf13c: 004c0044 0048377c 00000000 0001fd68 D.L.|7H.....h...
0x090bf14c: 00000000 0056eba0 5282ab2c 00000000 ......V.,..R....
0x090bf15c: 090bf1b4 774ed7a1 00000001 090bf3e8 ......Nw........
0x090bf16c: 00000024 00000000 090bf1cc 774ed7a1 $.............Nw
0x090bf17c: 0043fde0 00749b68 0056e7b4 002ddd0c ..C.h.t...V...-.
0x090bf18c: 0056e3e8 00000000 0055f240 00540510 ..V.....@.U...T.
0x090bf19c: 00000000 774b0000 090bf230 0043f174 ......Kw0...t.C.
0x090bf1ac: 01f70000 0056e4f0 01fedea0 0055c614 ......V.......U.
0x090bf1bc: 774f475f 005404e0 00077090 00000adc _GOw..T..p......
0x090bf1cc: 000770b0 00000001 00077088 01f7538a .p.......p...S..
0x090bf1dc: 0055c260 090bf1f0 0055c270 774b0000 `.U.....p.U...Kw
0x090bf1ec: 0055c258 774b00f0 0043f1b8 ffffdc42 X.U...Kw..C.B...
0x090bf1fc: 0043f1d0 00001c26 0043f1b0 00001c28 ..C.&.....C.(...
0x090bf20c: 0055fe60 01fedea0 0055fe74 ffff9fbc `.U.....t.U.....
0x090bf21c: 0055fe58 02000002 00000000 dd0060bd X.U..........`..
0x090bf22c: 746062b2 00000001 fffffffe 0056e82c .b`t........,.V.
0x090bf23c: 774b0000 0056e374 775352ac 0056e840 ..Kwt.V..RSw@.V.
0x090bf24c: 775352ac 0001fe90 00000000 0056114c .RSw........L.V.
0x090bf25c: 090bf320 00000018 746062b2 00000008  ........b`t....
0x090bf26c: 005592ec 00558a28 005592f0 0000393c ..U.(.U...U.<9..
0x090bf27c: 005592e8 0001fd58 005592e4 0001fd5c ..U.X.....U.\...
0x090bf28c: 000007ff 0001fe40 01f70000 0056eb08 ....@.........V.
0x090bf29c: 00000000 0056eac4 00000000 000007ff ......V.........
0x090bf2ac: 000007ff 01f700c0 01f763b8 0001fe88 .........c......
0x090bf2bc: 00000000 0001fad0 00000000 0056d0ec ..............V.
0x090bf2cc: 000003c8 0001fe3c 774f9d60 0000057c ....<...`.Ow|...
0x090bf2dc: 00000000 0001ff88 0000ffff 00559574 ............t.U.
0x090bf2ec: 00001ca1 00000000 090bf3f4 00731ad4 ..............s.
0x090bf2fc: 000007ff 002ddd04 00000001 002ddd14 ......-.......-.
0x090bf30c: 01000180 00014d58 08b89108 090bf3e0 ....XM..........
0x090bf31c: 02000002 0055c2cc 01fede98 0055fe08 ......U.......U.
0x090bf32c: 01fedea0 0043f170 000007ff 090bf404 ....p.C.........
0x090bf33c: 5201006c 001aaea4 fffffffe 0043f17c l..R........|.C.
0x090bf34c: 00000010 001aaeac 00000014 0056e938 ............8.V.
0x090bf35c: 0000000c 090bf370 0056e930 090bf370 ....p...0.V.p...
0x090bf36c: 0056e934 406d1388 00000030 000008fc 4.V...m@0.......
0x090bf37c: 00000034 000009ac 00000004 00000860 4...........`...
0x090bf38c: 00000014 00000000 00000060 00e43cc9 ........`....<..
0x090bf39c: 00000064 03d29a00 0056ebe4 00040000 d.........V.....
0x090bf3ac: 0056ebe8 00e43d19 00040000 00000010 ..V..=..........
0x090bf3bc: 00000000 0001007f 00559364 00000000 ........d.U.....
0x090bf3cc: 00559368 00000000 00559068 00000000 h.U.....h.U.....
0x090bf3dc: 00559068 00000002 00559048 00ad6130 h.U.....H.U.0a..
0x090bf3ec: 00559068 090bf810 00558ebc 00000000 h.U.......U.....
0x090bf3fc: 00558edc 00000000 00000000 00000000 ..U.............
0x090bf40c: 00000000 00000000 00000000 00000000 ................
0x090bf41c: 005628a4 00000000 005628c4 00000020 .(V......(V. ...
0x090bf42c: 0056289c 0000001c 00562888 005592cc .(V......(V...U.
0x090bf43c: 00000000 7a444600 3bf7b9c0 9c6515a4 .....FDz...;..e.
0x090bf44c: 0055c108 0043fe00 0055c114 0000002b ..U...C...U.+...
0x090bf45c: 003e18b8 0056e7bc 003e18bc 0056e83c ..>...V...>.<.V.
0x090bf46c: 0055c24c 0056e3f4 0055c250 0056e384 L.U...V.P.U...V.
0x090bf47c: 0055c248 0055f24c 0055c244 0056e84c H.U.L.U.D.U.L.V.
0x090bf48c: 0002027f 00000000 00ad6130 00000023 ........0a..#...
0x090bf49c: 090bf810 00561130 00001f80 0000000c ....0.V.........
0x090bf4ac: 00000000 00000014 00000000 0056e40c ..............V.
0x090bf4bc: 00000000 00000004 00000000 00090648 ............H...
0x090bf4cc: 00000000 00558a24 00000000 00483778 ....$.U.....x7H.
0x090bf4dc: 00000000 00003938 00000000 0001fd4c ....89......L...
0x090bf4ec: 00000000 0001fd54 00000000 0001fd64 ....T.......d...
0x090bf4fc: 00000000 0001fd6c 00000000 0001fd60 ....l.......`...
0x090bf50c: 00000000 0000002c 00000000 0001fe80 ....,...........
0x090bf51c: 46000000 0056ebe0 00003bf7 0056eb48 ...F..V..;..H.V.
0x090bf52c: 00000000 0056eac0 00000000 0056eb04 ......V.......V.
0x090bf53c: 00000000 00000000 00000000 00000000 ................
0x090bf54c: 00000000 00000000 00000000 00000000 ................
0x090bf55c: 00000000 0001fe84 00000000 0056e988 ..............V.
0x090bf56c: 00000000 0001fac0 00000000 00000000 ................
0x090bf57c: 00000000 00000000 00000000 0056d110 ..............V.
0x090bf58c: 00000000 0001fd74 00000000 00000000 ....t...........
0x090bf59c: 00000000 00000578 00000000 0001fe94 ....x...........
0x090bf5ac: 0000895c 0001ff84 074c0000 0001ff88 \.........L.....
0x090bf5bc: 03bc0000 03bc00c0 074f5500 00559578 .........UO.x.U.
0x090bf5cc: 03bc00c0 0009060c 00000053 074f002b ........S...+.O.
0x090bf5dc: 03bc002b 00749b6c 03d29a60 00731ad8 +...l.t.`.....s.
0x090bf5ec: 00000000 00731afc 090bf820 002ddd08 ......s. .....-.
0x090bf5fc: 7675b802 002ddd10 00000212 002ddd18 ..uv..-.......-.
0x090bf60c: 7750002b 002ddd2c 00000000 00014d70 +.Pw,.-.....pM..
0x090bf61c: 03d29a60 00000000 00000000 00000000 `...............
0x090bf62c: 00000000 774b0000 00000000 0055c2d0 ......Kw......U.
0x090bf63c: 00000757 00540514 00000000 0055fe0c W.....T.......U.
0x090bf64c: 00000000 0043f16c 7752a000 0043f180 ....l.C...Rw..C.
0x090bf65c: 77508804 0043f188 00000001 00000000 ..Pw..C.........
0x090bf66c: 5282ad58 00000000 00000000 001aaea8 X..R............
0x090bf67c: 774b0000 0043f178 0001003f 00000000 ..Kwx.C.?.......
0x090bf68c: fffffd34 00000440 fffffd34 001aaeb0 4...@...4.......
0x090bf69c: 00000034 0056e4f4 03bc0000 0056e984 4.....V.......V.
0x090bf6ac: 00000002 fffffff0 090bf6c8 0055c60c ..............U.
0x090bf6bc: 075cd85c 075cd42c 075cd438 090bf6e4 \.\.,.\.8.\.....
0x090bf6cc: 00e0353e 075cc030 00000000 005404b8 >5..0.\.......T.
0x090bf6dc: 075cd450 000008dc 00000004 00492cb0 P.\..........,I.
0x090bf6ec: 010ba137 0000098c 0043121a 00000abc 7.........C.....
0x090bf6fc: 090bf720 0000083c 075cd448 005404b0  ...<...H.\...T.
0x090bf70c: 000001cf 075cd450 0176b130 00000001 ....P.\.0.v.....
0x090bf71c: 0000002b 090bf748 00c5e09e 075cd450 +...H.......P.\.
0x090bf72c: 002ddd18 0001ff88 002ddd1c 00000400 ..-.......-.....
0x090bf73c: 0043f16c 00000010 0043f184 090bf79c l.C.......C.....
0x090bf74c: 0043f178 075cd450 00000400 00000400 x.C.P.\.........
0x090bf75c: 01556cec 0145fa28 00077090 0056eac4 .lU.(.E..p....V.
0x090bf76c: 0055c260 002ddd0c 0043f1b8 00000004 `.U...-...C.....
0x090bf77c: 0055fe60 090bf7a8 00c5e09e 03d299e0 `.U.............
0x090bf78c: 090bf840 0146093c 0000004e 0176b130 @...<.F.N...0.v.
0x090bf79c: 005592ec 0001fd68 005592e8 00000000 ..U.h.....U.....
0x090bf7ac: 005cd2e0 00731adc 0145fa28 002ddd14 ..\...s.(.E...-.
0x090bf7bc: 00000010 075cd2dc 00000000 00ad7330 ......\.....0s..
0x090bf7cc: 005628a4 00000000 0056289c 075cd2b0 .(V......(V...\.
0x090bf7dc: 0055c24c 014eea98 0055c248 00000168 L.U...N.H.U.h...
0x090bf7ec: 00000168 090bf7fc 00a09d8f 0176b130 h...........0.v.
0x090bf7fc: 090bf81c 0176b130 090bf828 00000020 ....0.v.(... ...
0x090bf80c: 00000000 00000400 00000008 0056eac0 ..............V.
0x090bf81c: 00000000 0145fa28 000001cf 0001fd74 ....(.E.....t...
0x090bf82c: 00636883 00731ad8 00000400 002ddd08 .hc...s.......-.
0x090bf83c: 075cd2e0 002ddd10 0145fa28 000001cf ..\...-.(.E.....
0x090bf84c: 00ad7330 00000000 0050a6d0 21a10860 0s........P.`..!
0x090bf85c: 00a1321f 00ad7330 04e122e0 075cd2b0 .2..0s..."....\.
0x090bf86c: 0000004b 0000004b 00000222 00000000 K...K...".......
0x090bf87c: 0000003c 0000018f 07c8bfc0 00000000 <...............
0x090bf88c: 00020000 0001fec8 03ff7630 082278e4 ........0v...x".
0x090bf89c: 0533eae0 0001fe94 090bf8c4 006fb94e ..3.........N.o.
0x090bf8ac: 2193a2c0 00ad7330 0533eae0 03d29a60 ...!0s....3.`...
0x090bf8bc: 006e192b 03d29a60 090bf8e0 00ad7366 +.n.`.......fs..
0x090bf8cc: 0533eae0 000030ec 014aba64 00ad7330 ..3..0..d.J.0s..
0x090bf8dc: 00ad7330 090bf8f4 74598744 03d29a60 0s......D.Yt`...
0x090bf8ec: 74598720 9231af0d 090bf93c 7751587d  .Yt..1.<...}XQw
0x090bf8fc: 03d29a60 5282a214 00000000 00000000 `......R........
0x090bf90c: 03d29a60 c0000005 00000000 090bdef0 `...............
0x090bf91c: 767ea130 5282a214 090bf900 090bdef0 0.~v...R........
0x090bf92c: 090bf944 7752a000 2cd25a00 00000000 D.....Rw.Z.,....
0x090bf93c: 090bf94c 7751584d ffffffff 77536332 L...MXQw....2cSw
0x090bf94c: 00000000 00000000 00ad7330 03d29a60 ........0s..`...
0x090bf95c: 00000000 00000000 00000000 00000000 ................
0x090bf96c: 00000000 00000000 00000000 00000000 ................
0x090bf97c: 00000000 00000000 00000000 00000000 ................
0x090bf98c: 00000000 00000000 00000000 00000000 ................
0x090bf99c: 00000000 00000000 00000000 00000000 ................
0x090bf9ac: 00000000 00000000 00000000 00000000 ................
0x090bf9bc: 00000000 00000000 00000000 00000000 ................
0x090bf9cc: 00000000 00000000 00000000 00000000 ................
0x090bf9dc: 00000000 00000000 00000000 00000000 ................
0x090bf9ec: 00000000 00000000 00000000 00000000 ................
0x090bf9fc: 00000000 00000000 00000000 00000000 ................
0x090bfa0c: 00000000 00000000 00000000 00000000 ................
0x090bfa1c: 00000000 00000000 00000000 00000000 ................
0x090bfa2c: 00000000 00000000 00000000 00000000 ................
0x090bfa3c: 00000000 00000000 00000000 00000000 ................
0x090bfa4c: 00000000 00000000 00000000 00000000 ................
0x090bfa5c: 00000000 00000000 00000000 00000000 ................
0x090bfa6c: 00000000 00000000 00000000 00000000 ................
0x090bfa7c: 00000000 00000000 00000000 00000000 ................
0x090bfa8c: 00000000 00000000 00000000 00000000 ................
0x090bfa9c: 00000000 00000000 00000000 00000000 ................
0x090bfaac: 00000000 00000000 00000000 00000000 ................
0x090bfabc: 00000000 00000000 00000000 00000000 ................
0x090bfacc: 00000000 00000000 00000000 00000000 ................
0x090bfadc: 00000000 00000000 00000000 00000000 ................
0x090bfaec: 00000000 00000000 00000000 00000000 ................
0x090bfafc: 00000000 00000000 00000000 00000000 ................
0x090bfb0c: 00000000 00000000 00000000 00000000 ................
0x090bfb1c: 00000000 00000000 00000000 00000000 ................
0x090bfb2c: 00000000 00000000 00000000 00000000 ................
0x090bfb3c: 00000000 00000000 00000000 00000000 ................
0x090bfb4c: 00000000 00000000 00000000 00000000 ................
0x090bfb5c: 00000000 00000000 00000000 00000000 ................
0x090bfb6c: 00000000 00000000 00000000 00000000 ................
0x090bfb7c: 00000000 00000000 00000000 00000000 ................
0x090bfb8c: 00000000 00000000 00000000 00000000 ................
0x090bfb9c: 00000000 00000000 00000000 00000000 ................
0x090bfbac: 00000000 00000000 00000000 00000000 ................
0x090bfbbc: 00000000 00000000 00000000 00000000 ................
0x090bfbcc: 00000000 00000000 00000000 00000000 ................
0x090bfbdc: 00000000 00000000 00000000 00000000 ................
0x090bfbec: 00000000 00000000 00000000 00000000 ................
0x090bfbfc: 00000000 00000000 00000000 00000000 ................
0x090bfc0c: 00000000 00000000 00000000 00000000 ................
0x090bfc1c: 00000000 00000000 00000000 00000000 ................
0x090bfc2c: 00000000 00000000 00000000 00000000 ................
0x090bfc3c: 00000000 00000000 00000000 00000000 ................
0x090bfc4c: 00000000 00000000 00000000 00000000 ................
0x090bfc5c: 00000000 00000000 00000000 00000000 ................
0x090bfc6c: 00000000 00000000 00000000 00000000 ................
0x090bfc7c: 00000000 00000000 00000000 00000000 ................
0x090bfc8c: 00000000 00000000 00000000 00000000 ................
0x090bfc9c: 00000000 00000000 00000000 00000000 ................
0x090bfcac: 00000000 00000000 00000000 00000000 ................
0x090bfcbc: 00000000 00000000 00000000 00000000 ................
0x090bfccc: 00000000 00000000 00000000 00000000 ................
0x090bfcdc: 00000000 00000000 00000000 00000000 ................
0x090bfcec: 00000000 00000000 00000000 00000000 ................
0x090bfcfc: 00000000 00000000 00000000 00000000 ................
0x090bfd0c: 00000000 00000000 00000000 00000000 ................
0x090bfd1c: 00000000 00000000 00000000 00000000 ................
0x090bfd2c: 00000000 00000000 00000000 00000000 ................
0x090bfd3c: 00000000 00000000 00000000 00000000 ................
0x090bfd4c: 00000000 00000000 00000000 00000000 ................
0x090bfd5c: 00000000 00000000 00000000 00000000 ................
0x090bfd6c: 00000000 00000000 00000000 00000000 ................
0x090bfd7c: 00000000 00000000 00000000 00000000 ................
0x090bfd8c: 00000000 00000000 00000000 00000000 ................
0x090bfd9c: 00000000 00000000 00000000 00000000 ................
0x090bfdac: 00000000 00000000 00000000 00000000 ................
0x090bfdbc: 00000000 00000000 00000000 00000000 ................
0x090bfdcc: 00000000 00000000 00000000 00000000 ................
0x090bfddc: 00000000 00000000 00000000 00000000 ................
0x090bfdec: 00000000 00000000 00000000 00000000 ................
0x090bfdfc: 00000000 00000000 00000000 00000000 ................
0x090bfe0c: 00000000 00000000 00000000 00000000 ................
0x090bfe1c: 00000000 00000000 00000000 00000000 ................
0x090bfe2c: 00000000 00000000 00000000 00000000 ................
0x090bfe3c: 00000000 00000000 00000000 00000000 ................
0x090bfe4c: 00000000 00000000 00000000 00000000 ................
0x090bfe5c: 00000000 00000000 00000000 00000000 ................
0x090bfe6c: 00000000 00000000 00000000 00000000 ................
0x090bfe7c: 00000000 00000000 00000000 00000000 ................
0x090bfe8c: 00000000 00000000 00000000 00000000 ................
0x090bfe9c: 00000000 00000000 00000000 00000000 ................
0x090bfeac: 00000000 00000000 00000000 00000000 ................
0x090bfebc: 00000000 00000000 00000000 00000000 ................
0x090bfecc: 00000000 00000000 00000000 00000000 ................
0x090bfedc: 00000000 00000000 00000000 00000000 ................
0x090bfeec: 00000000 00000000 00000000 00000000 ................
0x090bfefc: 00000000 00000000 00000000 00000000 ................
0x090bff0c: 00000000 00000000 00000000 00000000 ................
0x090bff1c: 00000000 00000000 00000000 00000000 ................
0x090bff2c: 00000000 00000000 00000000 00000000 ................
0x090bff3c: 00000000 00000000 00000000 00000000 ................
0x090bff4c: 00000000 00000000 00000000 00000000 ................
0x090bff5c: 00000000 00000000 00000000 00000000 ................
0x090bff6c: 00000000 00000000 00000000 00000000 ................
0x090bff7c: 00000000 00000000 00000000 00000000 ................
0x090bff8c: 00000000 00000000 00000000 00000000 ................
0x090bff9c: 00000000 00000000 00000000 00000000 ................
0x090bffac: 00000000 00000000 00000000 00000000 ................
0x090bffbc: 00000000 00000000 00000000 00000000 ................
0x090bffcc: 00000000 00000000 00000000 00000000 ................
0x090bffdc: 00000000 00000000 00000000 00000000 ................
0x090bffec: 00000000 00000000 00000000 00000000 ................
0x090bfffc: 00000000                            ....

Module 1
C:\dev\ballgame\ballgame32.exe
Image Base: 0x00340000  Image Size: 0x01605000
File Size:  22070784    File Time:  2017-05-08_052012
Version:
   Company:    
   Product:    
   FileDesc:   
   FileVer:    5.6.1.24755
   ProdVer:    5.6.1.24755

Module 2
C:\dev\ballgame\ballgame32_Data\Mono\mono.dll
Image Base: 0x10000000  Image Size: 0x00231000
File Size:  2115008     File Time:  2017-05-08_054402
Version:
   Company:    Unity Technologies
   Product:    libmono
   FileDesc:   Unity Technologies fork of mono runtime
   FileVer:    1.0.0.1
   ProdVer:    1.0.0.1

Module 3
C:\WINDOWS\SYSTEM32\xinput1_3.dll
Image Base: 0x00400000  Image Size: 0x00016000
File Size:  81768       File Time:  2007-04-04_195342
Version:
   Company:    Microsoft Corporation
   Product:    Microsoft® DirectX for Windows®
   FileDesc:   Microsoft Common Controller API
   FileVer:    9.18.944.0
   ProdVer:    9.18.944.0

Module 4
C:\WINDOWS\System32\DriverStore\FileRepository\nv_dispi.inf_amd64_a2b0acab06663645\nvwgf2um.dll
Image Base: 0x56fd0000  Image Size: 0x01433000
File Size:  20821264    File Time:  2017-05-01_153830
Version:
   Company:    NVIDIA Corporation
   Product:    NVIDIA D3D10 drivers
   FileDesc:   NVIDIA D3D10 Driver, Version 382.05 
   FileVer:    22.21.13.8205
   ProdVer:    22.21.13.8205

Module 5
C:\WINDOWS\SYSTEM32\midimap.dll
Image Base: 0x5f470000  Image Size: 0x00008000
File Size:  18944       File Time:  2017-03-18_135846
Version:
   Company:    Microsoft Corporation
   Product:    Microsoft® Windows® Operating System
   FileDesc:   Microsoft MIDI Mapper
   FileVer:    10.0.15063.0
   ProdVer:    10.0.15063.0

Module 6
C:\WINDOWS\SYSTEM32\MSACM32.dll
Image Base: 0x5f480000  Image Size: 0x00018000
File Size:  90456       File Time:  2017-03-18_135840
Version:
   Company:    Microsoft Corporation
   Product:    Microsoft® Windows® Operating System
   FileDesc:   Microsoft ACM Audio Filter
   FileVer:    10.0.15063.0
   ProdVer:    10.0.15063.0

Module 7
C:\WINDOWS\SYSTEM32\msacm32.drv
Image Base: 0x5f4a0000  Image Size: 0x0000a000
File Size:  24576       File Time:  2017-03-18_135846
Version:
   Company:    Microsoft Corporation
   Product:    Microsoft® Windows® Operating System
   FileDesc:   Microsoft Sound Mapper
   FileVer:    10.0.15063.0
   ProdVer:    10.0.15063.0

Module 8
C:\WINDOWS\SYSTEM32\ksuser.dll
Image Base: 0x5f4b0000  Image Size: 0x00007000
File Size:  20216       File Time:  2017-03-18_135840
Version:
   Company:    Microsoft Corporation
   Product:    Microsoft® Windows® Operating System
   FileDesc:   User CSA Library
   FileVer:    10.0.15063.0
   ProdVer:    10.0.15063.0

Module 9
C:\WINDOWS\SYSTEM32\wdmaud.drv
Image Base: 0x5f4c0000  Image Size: 0x00039000
File Size:  209920      File Time:  2017-03-18_135840
Version:
   Company:    Microsoft Corporation
   Product:    Microsoft® Windows® Operating System
   FileDesc:   Winmm  audio system driver
   FileVer:    10.0.15063.0
   ProdVer:    10.0.15063.0

Module 10
C:\WINDOWS\system32\wbem\fastprox.dll
Image Base: 0x5f500000  Image Size: 0x000c0000
File Size:  770560      File Time:  2017-03-18_135852
Version:
   Company:    Microsoft Corporation
   Product:    Microsoft® Windows® Operating System
   FileDesc:   WMI Custom Marshaller
   FileVer:    10.0.15063.0
   ProdVer:    10.0.15063.0

Module 11
C:\WINDOWS\system32\wbem\wbemsvc.dll
Image Base: 0x5f5d0000  Image Size: 0x00010000
File Size:  48640       File Time:  2017-03-18_135850
Version:
   Company:    Microsoft Corporation
   Product:    Microsoft® Windows® Operating System
   FileDesc:   WMI
   FileVer:    10.0.15063.0
   ProdVer:    10.0.15063.0

Module 12
C:\WINDOWS\SYSTEM32\HID.DLL
Image Base: 0x5f5e0000  Image Size: 0x0000a000
File Size:  25600       File Time:  2017-03-18_135850
Version:
   Company:    Microsoft Corporation
   Product:    Microsoft® Windows® Operating System
   FileDesc:   Hid User Library
   FileVer:    10.0.15063.0
   ProdVer:    10.0.15063.0

Module 13
C:\WINDOWS\SYSTEM32\wbemcomn.dll
Image Base: 0x5f5f0000  Image Size: 0x00068000
File Size:  399360      File Time:  2017-03-18_135850
Version:
   Company:    Microsoft Corporation
   Product:    Microsoft® Windows® Operating System
   FileDesc:   WMI
   FileVer:    10.0.15063.0
   ProdVer:    10.0.15063.0

Module 14
C:\WINDOWS\system32\wbem\wbemprox.dll
Image Base: 0x62150000  Image Size: 0x0000d000
File Size:  35840       File Time:  2017-03-18_135850
Version:
   Company:    Microsoft Corporation
   Product:    Microsoft® Windows® Operating System
   FileDesc:   WMI
   FileVer:    10.0.15063.0
   ProdVer:    10.0.15063.0

Module 15
C:\WINDOWS\SYSTEM32\AVRT.dll
Image Base: 0x63e10000  Image Size: 0x00009000
File Size:  28992       File Time:  2017-03-18_135840
Version:
   Company:    Microsoft Corporation
   Product:    Microsoft® Windows® Operating System
   FileDesc:   Multimedia Realtime Runtime
   FileVer:    10.0.15063.0
   ProdVer:    10.0.15063.0

Module 16
C:\WINDOWS\System32\MMDevApi.dll
Image Base: 0x63e20000  Image Size: 0x0005a000
File Size:  356992      File Time:  2017-03-18_135840
Version:
   Company:    Microsoft Corporation
   Product:    Microsoft® Windows® Operating System
   FileDesc:   MMDevice API
   FileVer:    10.0.15063.0
   ProdVer:    10.0.15063.0

Module 17
C:\WINDOWS\SYSTEM32\AUDIOSES.DLL
Image Base: 0x63e80000  Image Size: 0x000d7000
File Size:  864240      File Time:  2017-03-18_135840
Version:
   Company:    Microsoft Corporation
   Product:    Microsoft® Windows® Operating System
   FileDesc:   Audio Session
   FileVer:    10.0.15063.0
   ProdVer:    10.0.15063.0

Module 18
C:\WINDOWS\system32\nvspcap.dll
Image Base: 0x64330000  Image Size: 0x00168000
File Size:  1472960     File Time:  2017-04-25_224036
Version:
   Company:    NVIDIA Corporation
   Product:    NVIDIA GeForce Experience
   FileDesc:   NVIDIA Capture Server Proxy
   FileVer:    3.5.0.76
   ProdVer:    3.5.0.76

Module 19
C:\WINDOWS\SYSTEM32\d3d11.dll
Image Base: 0x648b0000  Image Size: 0x00252000
File Size:  2417840     File Time:  2017-03-18_135854
Version:
   Company:    Microsoft Corporation
   Product:    Microsoft® Windows® Operating System
   FileDesc:   Direct3D 11 Runtime
   FileVer:    10.0.15063.0
   ProdVer:    10.0.15063.0

Module 20
C:\WINDOWS\SYSTEM32\WTSAPI32.dll
Image Base: 0x64f60000  Image Size: 0x0000f000
File Size:  53272       File Time:  2017-03-18_135900
Version:
   Company:    Microsoft Corporation
   Product:    Microsoft® Windows® Operating System
   FileDesc:   Windows Remote Desktop Session Host Server SDK APIs
   FileVer:    10.0.15063.0
   ProdVer:    10.0.15063.0

Module 21
C:\WINDOWS\SYSTEM32\GLU32.dll
Image Base: 0x68fb0000  Image Size: 0x00025000
File Size:  138240      File Time:  2017-03-18_135852
Version:
   Company:    Microsoft Corporation
   Product:    Microsoft® Windows® Operating System
   FileDesc:   OpenGL Utility Library DLL
   FileVer:    10.0.15063.0
   ProdVer:    10.0.15063.0

Module 22
C:\WINDOWS\SYSTEM32\OPENGL32.dll
Image Base: 0x68fe0000  Image Size: 0x000df000
File Size:  776704      File Time:  2017-03-18_135852
Version:
   Company:    Microsoft Corporation
   Product:    Microsoft® Windows® Operating System
   FileDesc:   OpenGL Client DLL
   FileVer:    10.0.15063.0
   ProdVer:    10.0.15063.0

Module 23
C:\WINDOWS\System32\PROPSYS.dll
Image Base: 0x6b000000  Image Size: 0x00164000
File Size:  1465360     File Time:  2017-03-18_135852
Version:
   Company:    Microsoft Corporation
   Product:    Windows® Search
   FileDesc:   Microsoft Property System
   FileVer:    7.0.15063.0
   ProdVer:    7.0.15063.0

Module 24
C:\WINDOWS\System32\DriverStore\FileRepository\nv_dispi.inf_amd64_a2b0acab06663645\nvldumd.dll
Image Base: 0x6c690000  Image Size: 0x000b9000
File Size:  727448      File Time:  2017-05-01_153830
Version:
   Company:    NVIDIA Corporation
   Product:    NVIDIA driver loader
   FileDesc:   NVIDIA Driver Loader, Version 382.05 
   FileVer:    22.21.13.8205
   ProdVer:    22.21.13.8205

Module 25
C:\WINDOWS\SYSTEM32\usermgrcli.dll
Image Base: 0x6c750000  Image Size: 0x00010000
File Size:  55872       File Time:  2017-03-18_135850
Version:
   Company:    Microsoft Corporation
   Product:    Microsoft® Windows® Operating System
   FileDesc:   UserMgr API DLL
   FileVer:    10.0.15063.0
   ProdVer:    10.0.15063.0

Module 26
C:\WINDOWS\SYSTEM32\CoreUIComponents.dll
Image Base: 0x6c760000  Image Size: 0x00227000
File Size:  2259760     File Time:  2017-04-27_181822
Version:
   Company:    Microsoft Corporation
   Product:    Microsoft® Windows® Operating System
   FileDesc:   Microsoft Core UI Components Dll
   FileVer:    10.0.15063.296
   ProdVer:    10.0.15063.296

Module 27
C:\WINDOWS\SYSTEM32\CoreMessaging.dll
Image Base: 0x6c990000  Image Size: 0x0008f000
File Size:  583160      File Time:  2017-04-27_180418
Version:
   Company:    Microsoft Corporation
   Product:    Microsoft® Windows® Operating System
   FileDesc:   Microsoft CoreMessaging Dll
   FileVer:    10.0.15063.296
   ProdVer:    10.0.15063.296

Module 28
C:\WINDOWS\SYSTEM32\TextInputFramework.dll
Image Base: 0x6ca20000  Image Size: 0x00067000
File Size:  401920      File Time:  2017-03-18_135846
Version:
   Company:    Microsoft Corporation
   Product:    Microsoft® Windows® Operating System
   FileDesc:   "TextInputFramework.DYNLINK"
   FileVer:    10.0.15063.0
   ProdVer:    10.0.15063.0

Module 29
C:\WINDOWS\SYSTEM32\wintypes.dll
Image Base: 0x6e5e0000  Image Size: 0x000d1000
File Size:  856416      File Time:  2017-03-18_135850
Version:
   Company:    Microsoft Corporation
   Product:    Microsoft® Windows® Operating System
   FileDesc:   Windows Base Types DLL
   FileVer:    10.0.15063.0
   ProdVer:    10.0.15063.0

Module 30
C:\WINDOWS\system32\nvapi.dll
Image Base: 0x6e8a0000  Image Size: 0x003a9000
File Size:  3607464     File Time:  2017-05-01_153830
Version:
   Company:    NVIDIA Corporation
   Product:    NVIDIA Windows drivers
   FileDesc:   NVIDIA NVAPI Library, Version 382.05 
   FileVer:    22.21.13.8205
   ProdVer:    22.21.13.8205

Module 31
C:\Windows\System32\rasadhlp.dll
Image Base: 0x6eca0000  Image Size: 0x00008000
File Size:  12800       File Time:  2017-03-18_135846
Version:
   Company:    Microsoft Corporation
   Product:    Microsoft® Windows® Operating System
   FileDesc:   Remote Access AutoDial Helper
   FileVer:    10.0.15063.0
   ProdVer:    10.0.15063.0

Module 32
C:\WINDOWS\System32\fwpuclnt.dll
Image Base: 0x6ecb0000  Image Size: 0x0004a000
File Size:  285184      File Time:  2017-03-18_135850
Version:
   Company:    Microsoft Corporation
   Product:    Microsoft® Windows® Operating System
   FileDesc:   FWP/IPsec User-Mode API
   FileVer:    10.0.15063.0
   ProdVer:    10.0.15063.0

Module 33
C:\WINDOWS\SYSTEM32\dxgi.dll
Image Base: 0x6ee50000  Image Size: 0x0008a000
File Size:  551200      File Time:  2017-03-18_135854
Version:
   Company:    Microsoft Corporation
   Product:    Microsoft® Windows® Operating System
   FileDesc:   DirectX Graphics Infrastructure
   FileVer:    10.0.15063.0
   ProdVer:    10.0.15063.0

Module 34
C:\WINDOWS\system32\dwmapi.dll
Image Base: 0x6f0d0000  Image Size: 0x00023000
File Size:  125344      File Time:  2017-03-18_135900
Version:
   Company:    Microsoft Corporation
   Product:    Microsoft® Windows® Operating System
   FileDesc:   Microsoft Desktop Window Manager API
   FileVer:    10.0.15063.0
   ProdVer:    10.0.15063.0

Module 35
C:\WINDOWS\SYSTEM32\DEVOBJ.dll
Image Base: 0x6f100000  Image Size: 0x00022000
File Size:  131784      File Time:  2017-03-18_135850
Version:
   Company:    Microsoft Corporation
   Product:    Microsoft® Windows® Operating System
   FileDesc:   Device Information Set DLL
   FileVer:    10.0.15063.0
   ProdVer:    10.0.15063.0

Module 36
C:\WINDOWS\SYSTEM32\WINMMBASE.dll
Image Base: 0x6f2a0000  Image Size: 0x00023000
File Size:  129736      File Time:  2017-03-18_135846
Version:
   Company:    Microsoft Corporation
   Product:    Microsoft® Windows® Operating System
   FileDesc:   Base Multimedia Extension API DLL
   FileVer:    10.0.15063.0
   ProdVer:    10.0.15063.0

Module 37
C:\WINDOWS\SYSTEM32\WINMM.dll
Image Base: 0x6f3b0000  Image Size: 0x00024000
File Size:  135440      File Time:  2017-03-18_135846
Version:
   Company:    Microsoft Corporation
   Product:    Microsoft® Windows® Operating System
   FileDesc:   MCI API DLL
   FileVer:    10.0.15063.0
   ProdVer:    10.0.15063.0

Module 38
C:\WINDOWS\system32\uxtheme.dll
Image Base: 0x6fd50000  Image Size: 0x00078000
File Size:  474112      File Time:  2017-03-18_135858
Version:
   Company:    Microsoft Corporation
   Product:    Microsoft® Windows® Operating System
   FileDesc:   Microsoft UxTheme Library
   FileVer:    10.0.15063.0
   ProdVer:    10.0.15063.0

Module 39
C:\WINDOWS\SYSTEM32\dbghelp.dll
Image Base: 0x6fe00000  Image Size: 0x0015d000
File Size:  1285120     File Time:  2017-04-18_223252
Version:
   Company:    Microsoft Corporation
   Product:    Microsoft® Windows® Operating System
   FileDesc:   Windows Image Helper
   FileVer:    10.0.15063.250
   ProdVer:    10.0.15063.250

Module 40
C:\Program Files (x86)\Bonjour\mdnsNSP.dll
Image Base: 0x70300000  Image Size: 0x00021000
File Size:  122128      File Time:  2015-08-12_170338
Version:
   Company:    Apple Inc.
   Product:    Bonjour
   FileDesc:   Bonjour Namespace Provider
   FileVer:    3.1.0.1
   ProdVer:    3.1.0.1

Module 41
C:\WINDOWS\System32\winrnr.dll
Image Base: 0x70330000  Image Size: 0x0000b000
File Size:  23040       File Time:  2017-03-18_135844
Version:
   Company:    Microsoft Corporation
   Product:    Microsoft® Windows® Operating System
   FileDesc:   LDAP RnR Provider DLL
   FileVer:    10.0.15063.0
   ProdVer:    10.0.15063.0

Module 42
C:\WINDOWS\system32\NLAapi.dll
Image Base: 0x70340000  Image Size: 0x00013000
File Size:  63488       File Time:  2017-03-18_135850
Version:
   Company:    Microsoft Corporation
   Product:    Microsoft® Windows® Operating System
   FileDesc:   Network Location Awareness 2
   FileVer:    10.0.15063.0
   ProdVer:    10.0.15063.0

Module 43
C:\WINDOWS\system32\pnrpnsp.dll
Image Base: 0x70360000  Image Size: 0x00016000
File Size:  70144       File Time:  2017-03-18_135952
Version:
   Company:    Microsoft Corporation
   Product:    Microsoft® Windows® Operating System
   FileDesc:   PNRP Name Space Provider
   FileVer:    10.0.15063.0
   ProdVer:    10.0.15063.0

Module 44
C:\WINDOWS\system32\napinsp.dll
Image Base: 0x70380000  Image Size: 0x00011000
File Size:  54784       File Time:  2017-03-18_135846
Version:
   Company:    Microsoft Corporation
   Product:    Microsoft® Windows® Operating System
   FileDesc:   E-mail Naming Shim Provider
   FileVer:    10.0.15063.0
   ProdVer:    10.0.15063.0

Module 45
C:\WINDOWS\system32\rsaenh.dll
Image Base: 0x71d20000  Image Size: 0x0002f000
File Size:  183448      File Time:  2017-03-18_135848
Version:
   Company:    Microsoft Corporation
   Product:    Microsoft® Windows® Operating System
   FileDesc:   Microsoft Enhanced Cryptographic Provider
   FileVer:    10.0.15063.0
   ProdVer:    10.0.15063.0

Module 46
C:\WINDOWS\SYSTEM32\CRYPTSP.dll
Image Base: 0x71d50000  Image Size: 0x00013000
File Size:  67760       File Time:  2017-03-18_135850
Version:
   Company:    Microsoft Corporation
   Product:    Microsoft® Windows® Operating System
   FileDesc:   Cryptographic Service Provider API
   FileVer:    10.0.15063.0
   ProdVer:    10.0.15063.0

Module 47
C:\WINDOWS\SYSTEM32\ntmarta.dll
Image Base: 0x71f10000  Image Size: 0x00028000
File Size:  152440      File Time:  2017-03-18_135852
Version:
   Company:    Microsoft Corporation
   Product:    Microsoft® Windows® Operating System
   FileDesc:   Windows NT MARTA provider
   FileVer:    10.0.15063.0
   ProdVer:    10.0.15063.0

Module 48
C:\WINDOWS\SYSTEM32\WINHTTP.dll
Image Base: 0x732e0000  Image Size: 0x000ad000
File Size:  703576      File Time:  2017-03-18_135850
Version:
   Company:    Microsoft Corporation
   Product:    Microsoft® Windows® Operating System
   FileDesc:   Windows HTTP Services
   FileVer:    10.0.15063.0
   ProdVer:    10.0.15063.0

Module 49
C:\WINDOWS\SYSTEM32\DNSAPI.dll
Image Base: 0x73390000  Image Size: 0x0007f000
File Size:  508344      File Time:  2017-03-18_135846
Version:
   Company:    Microsoft Corporation
   Product:    Microsoft® Windows® Operating System
   FileDesc:   DNS Client API DLL
   FileVer:    10.0.15063.0
   ProdVer:    10.0.15063.0

Module 50
C:\WINDOWS\SYSTEM32\dhcpcsvc6.DLL
Image Base: 0x73550000  Image Size: 0x00013000
File Size:  57344       File Time:  2017-03-18_135846
Version:
   Company:    Microsoft Corporation
   Product:    Microsoft® Windows® Operating System
   FileDesc:   DHCPv6 Client
   FileVer:    10.0.15063.0
   ProdVer:    10.0.15063.0

Module 51
C:\WINDOWS\SYSTEM32\dhcpcsvc.DLL
Image Base: 0x73570000  Image Size: 0x00014000
File Size:  62976       File Time:  2017-03-18_135846
Version:
   Company:    Microsoft Corporation
   Product:    Microsoft® Windows® Operating System
   FileDesc:   DHCP Client Service
   FileVer:    10.0.15063.0
   ProdVer:    10.0.15063.0

Module 52
C:\WINDOWS\SYSTEM32\MSWSOCK.dll
Image Base: 0x73690000  Image Size: 0x0004e000
File Size:  305568      File Time:  2017-03-18_135846
Version:
   Company:    Microsoft Corporation
   Product:    Microsoft® Windows® Operating System
   FileDesc:   Microsoft Windows Sockets 2.0 Service Provider
   FileVer:    10.0.15063.0
   ProdVer:    10.0.15063.0

Module 53
C:\WINDOWS\SYSTEM32\VERSION.dll
Image Base: 0x73dd0000  Image Size: 0x00008000
File Size:  27424       File Time:  2017-03-18_135900
Version:
   Company:    Microsoft Corporation
   Product:    Microsoft® Windows® Operating System
   FileDesc:   Version Checking and File Installation Libraries
   FileVer:    10.0.15063.0
   ProdVer:    10.0.15063.0

Module 54
C:\WINDOWS\SYSTEM32\bcrypt.dll
Image Base: 0x73e90000  Image Size: 0x00018000
File Size:  93536       File Time:  2017-03-18_135848
Version:
   Company:    Microsoft Corporation
   Product:    Microsoft® Windows® Operating System
   FileDesc:   Windows Cryptographic Primitives Library
   FileVer:    10.0.15063.0
   ProdVer:    10.0.15063.0

Module 55
C:\WINDOWS\SYSTEM32\IPHLPAPI.DLL
Image Base: 0x73ee0000  Image Size: 0x0002f000
File Size:  187544      File Time:  2017-03-18_135846
Version:
   Company:    Microsoft Corporation
   Product:    Microsoft® Windows® Operating System
   FileDesc:   IP Helper API
   FileVer:    10.0.15063.0
   ProdVer:    10.0.15063.0

Module 56
C:\WINDOWS\System32\CRYPTBASE.dll
Image Base: 0x73f70000  Image Size: 0x0000a000
File Size:  31592       File Time:  2017-03-18_135846
Version:
   Company:    Microsoft Corporation
   Product:    Microsoft® Windows® Operating System
   FileDesc:   Base cryptographic API DLL
   FileVer:    10.0.15063.0
   ProdVer:    10.0.15063.0

Module 57
C:\WINDOWS\System32\SspiCli.dll
Image Base: 0x73f80000  Image Size: 0x00020000
File Size:  124544      File Time:  2017-03-18_135846
Version:
   Company:    Microsoft Corporation
   Product:    Microsoft® Windows® Operating System
   FileDesc:   Security Support Provider Interface
   FileVer:    10.0.15063.0
   ProdVer:    10.0.15063.0

Module 58
C:\WINDOWS\System32\WINTRUST.DLL
Image Base: 0x73fa0000  Image Size: 0x00044000
File Size:  276880      File Time:  2017-03-18_135848
Version:
   Company:    Microsoft Corporation
   Product:    Microsoft® Windows® Operating System
   FileDesc:   Microsoft Trust Verification APIs
   FileVer:    10.0.15063.0
   ProdVer:    10.0.15063.0

Module 59
C:\WINDOWS\System32\GDI32.dll
Image Base: 0x73ff0000  Image Size: 0x00021000
File Size:  129184      File Time:  2017-03-18_135856
Version:
   Company:    Microsoft Corporation
   Product:    Microsoft® Windows® Operating System
   FileDesc:   GDI Client DLL
   FileVer:    10.0.15063.0
   ProdVer:    10.0.15063.0

Module 60
C:\WINDOWS\System32\MSCTF.dll
Image Base: 0x740b0000  Image Size: 0x00146000
File Size:  1333136     File Time:  2017-03-18_135900
Version:
   Company:    Microsoft Corporation
   Product:    Microsoft® Windows® Operating System
   FileDesc:   MSCTF Server DLL
   FileVer:    10.0.15063.0
   ProdVer:    10.0.15063.0

Module 61
C:\WINDOWS\System32\msvcp_win.dll
Image Base: 0x74200000  Image Size: 0x00079000
File Size:  491232      File Time:  2017-03-18_135846
Version:
   Company:    Microsoft Corporation
   Product:    Microsoft® Windows® Operating System
   FileDesc:   Microsoft® C Runtime Library
   FileVer:    10.0.15063.0
   ProdVer:    10.0.15063.0

Module 62
C:\WINDOWS\System32\bcryptPrimitives.dll
Image Base: 0x74280000  Image Size: 0x00057000
File Size:  354360      File Time:  2017-04-14_034632
Version:
   Company:    Microsoft Corporation
   Product:    Microsoft® Windows® Operating System
   FileDesc:   Windows Cryptographic Primitives Library
   FileVer:    10.0.15063.138
   ProdVer:    10.0.15063.138

Module 63
C:\WINDOWS\System32\combase.dll
Image Base: 0x742e0000  Image Size: 0x00238000
File Size:  2330520     File Time:  2017-04-27_180900
Version:
   Company:    Microsoft Corporation
   Product:    Microsoft® Windows® Operating System
   FileDesc:   Microsoft COM for Windows
   FileVer:    10.0.15063.296
   ProdVer:    10.0.15063.296

Module 64
C:\WINDOWS\System32\KERNEL32.DLL
Image Base: 0x74580000  Image Size: 0x000d0000
File Size:  599576      File Time:  2017-04-27_181620
Version:
   Company:    Microsoft Corporation
   Product:    Microsoft® Windows® Operating System
   FileDesc:   Windows NT BASE API Client DLL
   FileVer:    10.0.15063.296
   ProdVer:    10.0.15063.296

Module 65
C:\WINDOWS\System32\kernel.appcore.dll
Image Base: 0x74650000  Image Size: 0x0000e000
File Size:  47096       File Time:  2017-03-18_135848
Version:
   Company:    Microsoft Corporation
   Product:    Microsoft® Windows® Operating System
   FileDesc:   AppModel API Host
   FileVer:    10.0.15063.0
   ProdVer:    10.0.15063.0

Module 66
C:\WINDOWS\System32\crypt32.dll
Image Base: 0x74660000  Image Size: 0x0017d000
File Size:  1557288     File Time:  2017-04-27_180944
Version:
   Company:    Microsoft Corporation
   Product:    Microsoft® Windows® Operating System
   FileDesc:   Crypto API32
   FileVer:    10.0.15063.296
   ProdVer:    10.0.15063.296

Module 67
C:\WINDOWS\System32\win32u.dll
Image Base: 0x747e0000  Image Size: 0x00016000
File Size:  81176       File Time:  2017-03-18_135900
Version:
   Company:    Microsoft Corporation
   Product:    Microsoft® Windows® Operating System
   FileDesc:   Win32u
   FileVer:    10.0.15063.0
   ProdVer:    10.0.15063.0

Module 68
C:\WINDOWS\System32\PSAPI.DLL
Image Base: 0x74970000  Image Size: 0x00006000
File Size:  17112       File Time:  2017-03-18_135840
Version:
   Company:    Microsoft Corporation
   Product:    Microsoft® Windows® Operating System
   FileDesc:   Process Status Helper
   FileVer:    10.0.15063.0
   ProdVer:    10.0.15063.0

Module 69
C:\WINDOWS\System32\shcore.dll
Image Base: 0x74980000  Image Size: 0x0008c000
File Size:  569264      File Time:  2017-03-18_135856
Version:
   Company:    Microsoft Corporation
   Product:    Microsoft® Windows® Operating System
   FileDesc:   SHCORE
   FileVer:    10.0.15063.0
   ProdVer:    10.0.15063.0

Module 70
C:\WINDOWS\System32\ole32.dll
Image Base: 0x74a10000  Image Size: 0x000f3000
File Size:  988168      File Time:  2017-04-27_180710
Version:
   Company:    Microsoft Corporation
   Product:    Microsoft® Windows® Operating System
   FileDesc:   Microsoft OLE for Windows
   FileVer:    10.0.15063.296
   ProdVer:    10.0.15063.296

Module 71
C:\WINDOWS\System32\IMM32.dll
Image Base: 0x74b10000  Image Size: 0x00025000
File Size:  143672      File Time:  2017-03-18_135902
Version:
   Company:    Microsoft Corporation
   Product:    Microsoft® Windows® Operating System
   FileDesc:   Multi-User Windows IMM32 API Client DLL
   FileVer:    10.0.15063.0
   ProdVer:    10.0.15063.0

Module 72
C:\WINDOWS\System32\gdi32full.dll
Image Base: 0x74b40000  Image Size: 0x00159000
File Size:  1411128     File Time:  2017-04-27_183856
Version:
   Company:    Microsoft Corporation
   Product:    Microsoft® Windows® Operating System
   FileDesc:   GDI Client DLL
   FileVer:    10.0.15063.296
   ProdVer:    10.0.15063.296

Module 73
C:\WINDOWS\System32\SHLWAPI.dll
Image Base: 0x74ca0000  Image Size: 0x00045000
File Size:  277432      File Time:  2017-03-18_135858
Version:
   Company:    Microsoft Corporation
   Product:    Microsoft® Windows® Operating System
   FileDesc:   Shell Light-weight Utility Library
   FileVer:    10.0.15063.0
   ProdVer:    10.0.15063.0

Module 74
C:\WINDOWS\System32\SHELL32.dll
Image Base: 0x74cf0000  Image Size: 0x01348000
File Size:  20374424    File Time:  2017-04-18_225818
Version:
   Company:    Microsoft Corporation
   Product:    Microsoft® Windows® Operating System
   FileDesc:   Windows Shell Common Dll
   FileVer:    10.0.15063.250
   ProdVer:    10.0.15063.250

Module 75
C:\WINDOWS\System32\ucrtbase.dll
Image Base: 0x76040000  Image Size: 0x00118000
File Size:  1150776     File Time:  2017-03-18_135846
Version:
   Company:    Microsoft Corporation
   Product:    Microsoft® Windows® Operating System
   FileDesc:   Microsoft® C Runtime Library
   FileVer:    10.0.15063.0
   ProdVer:    10.0.15063.0

Module 76
C:\WINDOWS\System32\SETUPAPI.dll
Image Base: 0x76160000  Image Size: 0x0041a000
File Size:  4330920     File Time:  2017-03-18_135840
Version:
   Company:    Microsoft Corporation
   Product:    Microsoft® Windows® Operating System
   FileDesc:   Windows Setup API
   FileVer:    10.0.15063.0
   ProdVer:    10.0.15063.0

Module 77
C:\WINDOWS\System32\KERNELBASE.dll
Image Base: 0x76670000  Image Size: 0x001c2000
File Size:  1839872     File Time:  2017-04-27_181904
Version:
   Company:    Microsoft Corporation
   Product:    Microsoft® Windows® Operating System
   FileDesc:   Windows NT BASE API Client DLL
   FileVer:    10.0.15063.296
   ProdVer:    10.0.15063.296

Module 78
C:\WINDOWS\System32\clbcatq.dll
Image Base: 0x76840000  Image Size: 0x00083000
File Size:  521728      File Time:  2017-03-18_135842
Version:
   Company:    Microsoft Corporation
   Product:    Microsoft® Windows® Operating System
   FileDesc:   COM+ Configuration Catalog
   FileVer:    2001.12.10941.16384
   ProdVer:    10.0.15063.0

Module 79
C:\WINDOWS\System32\imagehlp.dll
Image Base: 0x76930000  Image Size: 0x00019000
File Size:  95584       File Time:  2017-04-13_164032
Version:
   Company:    Microsoft Corporation
   Product:    Microsoft® Windows® Operating System
   FileDesc:   Windows NT Image Helper
   FileVer:    10.0.15063.168
   ProdVer:    10.0.15063.168

Module 80
C:\WINDOWS\System32\NSI.dll
Image Base: 0x769b0000  Image Size: 0x00007000
File Size:  20216       File Time:  2017-03-18_135736
Version:
   Company:    Microsoft Corporation
   Product:    Microsoft® Windows® Operating System
   FileDesc:   NSI User-mode interface DLL
   FileVer:    10.0.15063.0
   ProdVer:    10.0.15063.0

Module 81
C:\WINDOWS\System32\powrprof.dll
Image Base: 0x769c0000  Image Size: 0x00045000
File Size:  276400      File Time:  2017-03-18_135850
Version:
   Company:    Microsoft Corporation
   Product:    Microsoft® Windows® Operating System
   FileDesc:   Power Profile Helper DLL
   FileVer:    10.0.15063.0
   ProdVer:    10.0.15063.0

Module 82
C:\WINDOWS\System32\USER32.dll
Image Base: 0x76a20000  Image Size: 0x0013c000
File Size:  1292872     File Time:  2017-03-18_135902
Version:
   Company:    Microsoft Corporation
   Product:    Microsoft® Windows® Operating System
   FileDesc:   Multi-User Windows USER API Client DLL
   FileVer:    10.0.15063.0
   ProdVer:    10.0.15063.0

Module 83
C:\WINDOWS\System32\ADVAPI32.dll
Image Base: 0x76b60000  Image Size: 0x00077000
File Size:  480920      File Time:  2017-03-18_135840
Version:
   Company:    Microsoft Corporation
   Product:    Microsoft® Windows® Operating System
   FileDesc:   Advanced Windows 32 Base API
   FileVer:    10.0.15063.0
   ProdVer:    10.0.15063.0

Module 84
C:\WINDOWS\System32\WS2_32.dll
Image Base: 0x76be0000  Image Size: 0x00067000
File Size:  415864      File Time:  2017-03-18_135846
Version:
   Company:    Microsoft Corporation
   Product:    Microsoft® Windows® Operating System
   FileDesc:   Windows Socket 2.0 32-Bit DLL
   FileVer:    10.0.15063.0
   ProdVer:    10.0.15063.0

Module 85
C:\WINDOWS\System32\RPCRT4.dll
Image Base: 0x76c50000  Image Size: 0x000c0000
File Size:  787712      File Time:  2017-03-18_135846
Version:
   Company:    Microsoft Corporation
   Product:    Microsoft® Windows® Operating System
   FileDesc:   Remote Procedure Call Runtime
   FileVer:    10.0.15063.0
   ProdVer:    10.0.15063.0

Module 86
C:\WINDOWS\System32\msvcrt.dll
Image Base: 0x76d10000  Image Size: 0x000bd000
File Size:  769608      File Time:  2017-03-18_135846
Version:
   Company:    Microsoft Corporation
   Product:    Microsoft® Windows® Operating System
   FileDesc:   Windows NT CRT DLL
   FileVer:    7.0.15063.0
   ProdVer:    10.0.15063.0

Module 87
C:\WINDOWS\System32\profapi.dll
Image Base: 0x76dd0000  Image Size: 0x00010000
File Size:  59456       File Time:  2017-03-18_135846
Version:
   Company:    Microsoft Corporation
   Product:    Microsoft® Windows® Operating System
   FileDesc:   User Profile Basic API
   FileVer:    10.0.15063.0
   ProdVer:    10.0.15063.0

Module 88
C:\WINDOWS\System32\MSASN1.dll
Image Base: 0x76de0000  Image Size: 0x0000e000
File Size:  49656       File Time:  2017-03-18_135848
Version:
   Company:    Microsoft Corporation
   Product:    Microsoft® Windows® Operating System
   FileDesc:   ASN.1 Runtime APIs
   FileVer:    10.0.15063.0
   ProdVer:    10.0.15063.0

Module 89
C:\WINDOWS\System32\sechost.dll
Image Base: 0x76df0000  Image Size: 0x00041000
File Size:  257792      File Time:  2017-03-18_135846
Version:
   Company:    Microsoft Corporation
   Product:    Microsoft® Windows® Operating System
   FileDesc:   Host for SCM/SDDL/LSA Lookup APIs
   FileVer:    10.0.15063.0
   ProdVer:    10.0.15063.0

Module 90
C:\WINDOWS\System32\cfgmgr32.dll
Image Base: 0x76e40000  Image Size: 0x00039000
File Size:  226816      File Time:  2017-03-18_135850
Version:
   Company:    Microsoft Corporation
   Product:    Microsoft® Windows® Operating System
   FileDesc:   Configuration Manager DLL
   FileVer:    10.0.15063.0
   ProdVer:    10.0.15063.0

Module 91
C:\WINDOWS\System32\windows.storage.dll
Image Base: 0x76e80000  Image Size: 0x00584000
File Size:  5820984     File Time:  2017-03-18_135854
Version:
   Company:    Microsoft Corporation
   Product:    Microsoft® Windows® Operating System
   FileDesc:   Microsoft WinRT Storage API
   FileVer:    10.0.15063.0
   ProdVer:    10.0.15063.0

Module 92
C:\WINDOWS\System32\OLEAUT32.dll
Image Base: 0x77410000  Image Size: 0x00096000
File Size:  605936      File Time:  2017-04-27_181932
Version:
   Company:    Microsoft Corporation
   Product:    Microsoft® Windows® Operating System
   FileDesc:   OLEAUT32.DLL
   FileVer:    10.0.15063.296
   ProdVer:    10.0.15063.296

Module 93
C:\WINDOWS\SYSTEM32\ntdll.dll
Image Base: 0x774b0000  Image Size: 0x0018e000
File Size:  1620368     File Time:  2017-03-18_135846
Version:
   Company:    Microsoft Corporation
   Product:    Microsoft® Windows® Operating System
   FileDesc:   NT Layer DLL
   FileVer:    10.0.15063.0
   ProdVer:    10.0.15063.0


== [end of error.log] ==
